Build started 3/5/2013 8:05:33 PM.
     1>Project "C:\Users\Arno\Documents\Projects\TwoScale2D\TwoScale2D\TwoScale2D.vcxproj" on node 2 (build target(s)).
     1>InitializeBuildStatus:
         Touching "Release\TwoScale2D.unsuccessfulbuild".
       AddCudaCompileDeps:
         C:\Program Files (x86)\Microsoft Visual Studio 10.0\VC\bin\cl.exe /E /nologo /showIncludes /TP /D__CUDACC__ /D_MBCS /IC:\OpenCV2.1\include /I"C:\Program Files\NVIDIA GPU Computing Toolkit\CUDA\v5.0\include" /I"C:\Program Files\NVIDIA GPU Computing Toolkit\CUDA\v5.0\bin" /I"C:\Program Files\NVIDIA GPU Computing Toolkit\CUDA\v5.0\include" /I. /FIcuda_runtime.h /c C:\Users\Arno\Documents\Projects\TwoScale2D\TwoScale2D\WCSPHSolver.cu 
       AddCudaCompilePropsDeps:
       Skipping target "AddCudaCompilePropsDeps" because all output files are up-to-date with respect to the input files.
       CudaBuild:
         Compiling CUDA source file WCSPHSolver.cu...
         cmd.exe /C "C:\Users\Arno\AppData\Local\Temp\1cd9a8677a334e37b4725d9f2ca67fbd.cmd"
         "C:\Program Files\NVIDIA GPU Computing Toolkit\CUDA\v5.0\bin\nvcc.exe" -gencode=arch=compute_10,code=\"sm_10,compute_10\" --use-local-env --cl-version 2010 -ccbin "C:\Program Files (x86)\Microsoft Visual Studio 10.0\VC\bin"  -I"C:\OpenCV2.1\include" -I"C:\Program Files\NVIDIA GPU Computing Toolkit\CUDA\v5.0\include" -I"C:\Program Files\NVIDIA GPU Computing Toolkit\CUDA\v5.0\include"     --keep-dir "Release" -maxrregcount=0  --machine 32 --compile     -D_MBCS -Xcompiler "/EHsc /W3 /nologo /O2 /Zi  /MD  " -o "Release\WCSPHSolver.cu.obj" "C:\Users\Arno\Documents\Projects\TwoScale2D\TwoScale2D\WCSPHSolver.cu"
         
         C:\Users\Arno\Documents\Projects\TwoScale2D\TwoScale2D>"C:\Program Files\NVIDIA GPU Computing Toolkit\CUDA\v5.0\bin\nvcc.exe" -gencode=arch=compute_10,code=\"sm_10,compute_10\" --use-local-env --cl-version 2010 -ccbin "C:\Program Files (x86)\Microsoft Visual Studio 10.0\VC\bin"  -I"C:\OpenCV2.1\include" -I"C:\Program Files\NVIDIA GPU Computing Toolkit\CUDA\v5.0\include" -I"C:\Program Files\NVIDIA GPU Computing Toolkit\CUDA\v5.0\include"     --keep-dir "Release" -maxrregcount=0  --machine 32 --compile     -D_MBCS -Xcompiler "/EHsc /W3 /nologo /O2 /Zi  /MD  " -o "Release\WCSPHSolver.cu.obj" "C:\Users\Arno\Documents\Projects\TwoScale2D\TwoScale2D\WCSPHSolver.cu" 
         WCSPHSolver.cu
         tmpxft_000027bc_00000000-2_WCSPHSolver.cudafe1.gpu
         tmpxft_000027bc_00000000-7_WCSPHSolver.cudafe2.gpu
         WCSPHSolver.cu
         tmpxft_000027bc_00000000-2_WCSPHSolver.cudafe1.cpp
         tmpxft_000027bc_00000000-12_WCSPHSolver.ii
     1>C:/Users/Arno/Documents/Projects/TwoScale2D/TwoScale2D/WCSPHSolver.cu(631): warning C4244: 'initializing' : conversion from 'double' to 'float', possible loss of data
     1>C:/Users/Arno/Documents/Projects/TwoScale2D/TwoScale2D/WCSPHSolver.cu(632): warning C4244: 'initializing' : conversion from 'double' to 'float', possible loss of data
       ClCompile:
         C:\Program Files (x86)\Microsoft Visual Studio 10.0\VC\bin\CL.exe /c /IC:\OpenCV2.1\include /I"C:\Program Files\NVIDIA GPU Computing Toolkit\CUDA\v5.0\include" /Zi /nologo /W3 /WX- /O2 /Oi /Oy- /GL /D _MBCS /Gm- /EHsc /MD /GS /Gy /fp:precise /Zc:wchar_t /Zc:forScope /Fo"Release\\" /Fd"Release\vc100.pdb" /Gd /TP /analyze- /errorReport:prompt main.cpp
         main.cpp
     1>main.cpp(103): warning C4244: 'argument' : conversion from 'double' to 'float', possible loss of data
     1>main.cpp(105): warning C4305: 'initializing' : truncation from 'double' to 'float'
     1>main.cpp(107): warning C4305: 'initializing' : truncation from 'double' to 'float'
     1>main.cpp(149): warning C4244: 'argument' : conversion from 'double' to 'float', possible loss of data
     1>main.cpp(151): warning C4305: 'initializing' : truncation from 'double' to 'float'
       ManifestResourceCompile:
         All outputs are up-to-date.
       Link:
         C:\Program Files (x86)\Microsoft Visual Studio 10.0\VC\bin\link.exe /ERRORREPORT:PROMPT /OUT:"C:\Users\Arno\Documents\Projects\TwoScale2D\Release\TwoScale2D.exe" /INCREMENTAL /NOLOGO /LIBPATH:C:\OpenCV2.1\lib /LIBPATH:"C:\Program Files\NVIDIA GPU Computing Toolkit\CUDA\v5.0\lib\Win32" highgui210.lib cv210.lib cxcore210.lib glew32.lib cudart.lib kernel32.lib user32.lib gdi32.lib winspool.lib comdlg32.lib advapi32.lib shell32.lib ole32.lib oleaut32.lib uuid.lib odbc32.lib odbccp32.lib kernel32.lib user32.lib gdi32.lib winspool.lib comdlg32.lib advapi32.lib shell32.lib ole32.lib oleaut32.lib uuid.lib odbc32.lib odbccp32.lib /MANIFEST /ManifestFile:"Release\TwoScale2D.exe.intermediate.manifest" /MANIFESTUAC:"level='asInvoker' uiAccess='false'" /DEBUG /PDB:"C:\Users\Arno\Documents\Projects\TwoScale2D\Release\TwoScale2D.pdb" /SUBSYSTEM:CONSOLE /OPT:REF /OPT:ICF /LTCG /TLBID:1 /DYNAMICBASE /NXCOMPAT /IMPLIB:"C:\Users\Arno\Documents\Projects\TwoScale2D\Release\TwoScale2D.lib" /MACHINE:X86 Release\WCSPHSolver.cu.obj
         Release\TwoScale2D.exe.embed.manifest.res
         Release\cuda.obj
         Release\main.obj
         Release\OpenGL.obj
         Release\ParticleSystem.obj
         Release\PointRenderer.obj
         Release\VideoWriter.obj
     1>LINK : warning LNK4075: ignoring '/INCREMENTAL' due to '/LTCG' specification
         Generating code
         Finished generating code
       Manifest:
         C:\Program Files (x86)\Microsoft SDKs\Windows\v7.0A\bin\mt.exe /nologo /verbose /out:"Release\TwoScale2D.exe.embed.manifest" /manifest Release\TwoScale2D.exe.intermediate.manifest
         All outputs are up-to-date.
       LinkEmbedManifest:
         All outputs are up-to-date.
         TwoScale2D.vcxproj -> C:\Users\Arno\Documents\Projects\TwoScale2D\Release\TwoScale2D.exe
       PostBuildEvent:
         echo copy "C:\Program Files\NVIDIA GPU Computing Toolkit\CUDA\v5.0\bin\cudart*.dll" "C:\Users\Arno\Documents\Projects\TwoScale2D\Release\"
         copy "C:\Program Files\NVIDIA GPU Computing Toolkit\CUDA\v5.0\bin\cudart*.dll" "C:\Users\Arno\Documents\Projects\TwoScale2D\Release\"
         :VCEnd
         copy "C:\Program Files\NVIDIA GPU Computing Toolkit\CUDA\v5.0\bin\cudart*.dll" "C:\Users\Arno\Documents\Projects\TwoScale2D\Release\"
         C:\Program Files\NVIDIA GPU Computing Toolkit\CUDA\v5.0\bin\cudart32_50_35.dll
         C:\Program Files\NVIDIA GPU Computing Toolkit\CUDA\v5.0\bin\cudart64_50_35.dll
                 2 file(s) copied.
       FinalizeBuildStatus:
         Deleting file "Release\TwoScale2D.unsuccessfulbuild".
         Touching "Release\TwoScale2D.lastbuildstate".
     1>Done Building Project "C:\Users\Arno\Documents\Projects\TwoScale2D\TwoScale2D\TwoScale2D.vcxproj" (build target(s)).

Build succeeded.

Time Elapsed 00:00:18.41
